<?xml version="1.0" encoding="UTF-8"?>
<!-- Generated by org.testng.reporters.JUnitReportReporter -->
<testsuite hostname="Newt-Pk036" name="com.srccodes.example.UserServiceTest" tests="1" failures="0" timestamp="16 Jun 2016 10:18:10 GMT" time="0.402" errors="0">
  <testcase name="testGetRowCount" time="0.402" classname="com.srccodes.example.UserServiceTest"/>
</testsuite> <!-- com.srccodes.example.UserServiceTest -->
