<?xml version="1.0" encoding="UTF-8"?>
<!-- Generated by org.testng.reporters.JUnitReportReporter -->
<testsuite hostname="Newt-Pk036" name="com.srccodes.example.ManageUserDataTest" tests="1" failures="0" timestamp="6 Jun 2016 08:25:10 GMT" time="0.442" errors="0">
  <testcase name="testFetchData" time="0.442" classname="com.srccodes.example.ManageUserDataTest"/>
</testsuite> <!-- com.srccodes.example.ManageUserDataTest -->
