<?xml version="1.0" encoding="UTF-8"?>
<!-- Generated by org.testng.reporters.JUnitReportReporter -->
<testsuite hostname="Newt-Pk036" name="com.srccodes.example.XmlToCsvTest" tests="1" failures="0" timestamp="14 Jun 2016 11:27:48 GMT" time="0.026" errors="0">
  <testcase name="testGenerateCSVFromXML" time="0.026" classname="com.srccodes.example.XmlToCsvTest"/>
</testsuite> <!-- com.srccodes.example.XmlToCsvTest -->
