<?xml version="1.0" encoding="UTF-8"?>
<!-- Generated by org.testng.reporters.JUnitReportReporter -->
<testsuite hostname="Newt-Pk036" name="com.srccodes.example.CalculatorTest" tests="10" failures="0" timestamp="16 Jun 2016 10:18:10 GMT" time="0.000" errors="0">
  <testcase name="div3" time="0.000" classname="com.srccodes.example.CalculatorTest"/>
  <testcase name="mul" time="0.000" classname="com.srccodes.example.CalculatorTest"/>
  <testcase name="sub4" time="0.000" classname="com.srccodes.example.CalculatorTest"/>
  <testcase name="add" time="0.000" classname="com.srccodes.example.CalculatorTest"/>
  <testcase name="sub2" time="0.000" classname="com.srccodes.example.CalculatorTest"/>
  <testcase name="div4" time="0.000" classname="com.srccodes.example.CalculatorTest"/>
  <testcase name="div1" time="0.000" classname="com.srccodes.example.CalculatorTest"/>
  <testcase name="div2" time="0.000" classname="com.srccodes.example.CalculatorTest"/>
  <testcase name="sub1" time="0.000" classname="com.srccodes.example.CalculatorTest"/>
  <testcase name="sub3" time="0.000" classname="com.srccodes.example.CalculatorTest"/>
</testsuite> <!-- com.srccodes.example.CalculatorTest -->
