<?xml version="1.0" encoding="UTF-8"?>
<!-- Generated by org.testng.reporters.JUnitReportReporter -->
<testsuite hostname="Newt-Pk036" name="com.srccodes.example.NameParserTest" tests="1" failures="0" timestamp="16 Jun 2016 10:18:10 GMT" time="0.000" errors="0">
  <testcase name="shouldFindPersonByLastName1" time="0.000" classname="com.srccodes.example.NameParserTest"/>
</testsuite> <!-- com.srccodes.example.NameParserTest -->
